<?xml version="1.0" encoding="UTF-8" ?>
<testsuite errors="1" failures="1" hostname="saas.codebeamer.com" name="com.intland.xunit.GatherComputerInfoTest" skipped="0" tests="3" time="0.053" timestamp="2019-03-27T13:58:11">
  <properties>
[...]
</properties>
  <testcase classname="com.intland.xunit.GatherComputerInfoTest" name="testIsSystemRecommended" time="0.007">
    <failure type="junit.framework.AssertionFailedError">junit.framework.AssertionFailedError
	at com.intland.xunit.GatherComputerInfoTest.testIsSystemRecommended(Unknown Source)
</failure>
  </testcase>
  <testcase classname="com.intland.xunit.GatherComputerInfoTest" name="testIsMaxMemGreaterThan100Mb" time="0.0" />
  <testcase classname="com.intland.xunit.GatherComputerInfoTest" name="testThrowFalseError" time="0.0">
    <error message="ThrowFalseError" type="java.lang.Exception">java.lang.Exception: ThrowFalseError
	at com.intland.xunit.GatherComputerInfoTest.testThrowFalseError(Unknown Source)
</error>
  </testcase>
  <system-out><![CDATA[]]></system-out>
  <system-err><![CDATA[]]></system-err>
</testsuite>
